This file contains any messages produced by compilers while
running configure, to aid debugging if configure makes a mistake.

It was created by spade configure 2.0, which was
generated by GNU Autoconf 2.69.  Invocation command line was

  $ ./configure 

## --------- ##
## Platform. ##
## --------- ##

hostname = sciunit.dpu.depaul.edu
uname -m = x86_64
uname -r = 5.4.0-167-generic
uname -s = Linux
uname -v = #184-Ubuntu SMP Tue Oct 31 09:21:49 UTC 2023

/usr/bin/uname -p = x86_64
/bin/uname -X     = unknown

/bin/arch              = x86_64
/usr/bin/arch -k       = unknown
/usr/convex/getsysinfo = unknown
/usr/bin/hostinfo      = unknown
/bin/machine           = unknown
/usr/bin/oslevel       = unknown
/bin/universe          = unknown

PATH: /home/kaitlyn/.vscode-server/cli/servers/Stable-ea1445cc7016315d0f5728f8e8b12a45dc0a7286/server/bin/remote-cli
PATH: /home/kaitlyn/.local/bin
PATH: /home/kaitlyn/.local/bin
PATH: /usr/local/sbin
PATH: /usr/local/bin
PATH: /usr/sbin
PATH: /usr/bin
PATH: /sbin
PATH: /bin
PATH: /usr/games
PATH: /usr/local/games
PATH: /snap/bin
PATH: /opt/gurobi1103/linux64/bin
PATH: /opt/gurobi1103/linux64/bin
PATH: /opt/gurobi1103/linux64/bin


## ----------- ##
## Core tests. ##
## ----------- ##

configure:1782: checking for gcc
configure:1798: found /usr/bin/gcc
configure:1809: result: gcc
configure:2038: checking for C compiler version
configure:2047: gcc --version >&5
gcc (Ubuntu 5.3.1-14ubuntu2) 5.3.1 20160413
Copyright (C) 2015 Free Software Foundation, Inc.
This is free software; see the source for copying conditions.  There is NO
warranty; not even for MERCHANTABILITY or FITNESS FOR A PARTICULAR PURPOSE.

configure:2058: $? = 0
configure:2047: gcc -v >&5
Using built-in specs.
COLLECT_GCC=gcc
COLLECT_LTO_WRAPPER=/usr/lib/gcc/x86_64-linux-gnu/5/lto-wrapper
Target: x86_64-linux-gnu
Configured with: ../src/configure -v --with-pkgversion='Ubuntu 5.3.1-14ubuntu2' --with-bugurl=file:///usr/share/doc/gcc-5/README.Bugs --enable-languages=c,ada,c++,java,go,d,fortran,objc,obj-c++ --prefix=/usr --program-suffix=-5 --enable-shared --enable-linker-build-id --libexecdir=/usr/lib --without-included-gettext --enable-threads=posix --libdir=/usr/lib --enable-nls --with-sysroot=/ --enable-clocale=gnu --enable-libstdcxx-debug --enable-libstdcxx-time=yes --with-default-libstdcxx-abi=new --enable-gnu-unique-object --disable-vtable-verify --enable-libmpx --enable-plugin --with-system-zlib --disable-browser-plugin --enable-java-awt=gtk --enable-gtk-cairo --with-java-home=/usr/lib/jvm/java-1.5.0-gcj-5-amd64/jre --enable-java-home --with-jvm-root-dir=/usr/lib/jvm/java-1.5.0-gcj-5-amd64 --with-jvm-jar-dir=/usr/lib/jvm-exports/java-1.5.0-gcj-5-amd64 --with-arch-directory=amd64 --with-ecj-jar=/usr/share/java/eclipse-ecj.jar --enable-objc-gc --enable-multiarch --disable-werror --with-arch-32=i686 --with-abi=m64 --with-multilib-list=m32,m64,mx32 --enable-multilib --with-tune=generic --enable-checking=release --build=x86_64-linux-gnu --host=x86_64-linux-gnu --target=x86_64-linux-gnu
Thread model: posix
gcc version 5.3.1 20160413 (Ubuntu 5.3.1-14ubuntu2) 
configure:2058: $? = 0
configure:2047: gcc -V >&5
gcc: error: unrecognized command line option '-V'
gcc: fatal error: no input files
compilation terminated.
configure:2058: $? = 1
configure:2047: gcc -qversion >&5
gcc: error: unrecognized command line option '-qversion'
gcc: fatal error: no input files
compilation terminated.
configure:2058: $? = 1
configure:2078: checking whether the C compiler works
configure:2100: gcc    conftest.c  >&5
configure:2104: $? = 0
configure:2152: result: yes
configure:2155: checking for C compiler default output file name
configure:2157: result: a.out
configure:2163: checking for suffix of executables
configure:2170: gcc -o conftest    conftest.c  >&5
configure:2174: $? = 0
configure:2196: result: 
configure:2218: checking whether we are cross compiling
configure:2226: gcc -o conftest    conftest.c  >&5
configure:2230: $? = 0
configure:2237: ./conftest
configure:2241: $? = 0
configure:2229: result: no
configure:2234: checking for suffix of object files
configure:2256: gcc -c   conftest.c >&5
configure:2260: $? = 0
configure:2281: result: o
configure:2285: checking whether we are using the GNU C compiler
configure:2304: gcc -c   conftest.c >&5
configure:2304: $? = 0
configure:2313: result: yes
configure:2322: checking whether gcc accepts -g
configure:2342: gcc -c -g  conftest.c >&5
configure:2342: $? = 0
configure:2383: result: yes
configure:2400: checking for gcc option to accept ISO C89
configure:2463: gcc  -c -g -O2  conftest.c >&5
configure:2463: $? = 0
configure:2476: result: none needed
configure:2501: checking for java
configure:2517: found /usr/bin/java
configure:2528: result: java
configure:2547: checking for javac
configure:2563: found /usr/bin/javac
configure:2574: result: javac
configure:2597: checking for jar
configure:2613: found /usr/bin/jar
configure:2624: result: jar
configure:2644: checking for adb
configure:2674: result: no
configure:2695: checking for dx
configure:2725: result: no
configure:2890: creating ./config.status

## ---------------------- ##
## Running config.status. ##
## ---------------------- ##

This file was extended by spade config.status 2.0, which was
generated by GNU Autoconf 2.69.  Invocation command line was

  CONFIG_FILES    = 
  CONFIG_HEADERS  = 
  CONFIG_LINKS    = 
  CONFIG_COMMANDS = 
  $ ./config.status 

on sciunit.dpu.depaul.edu

config.status:723: creating Makefile

## ---------------- ##
## Cache variables. ##
## ---------------- ##

ac_cv_c_compiler_gnu=yes
ac_cv_env_CC_set=
ac_cv_env_CC_value=
ac_cv_env_CFLAGS_set=
ac_cv_env_CFLAGS_value=
ac_cv_env_CPPFLAGS_set=
ac_cv_env_CPPFLAGS_value=
ac_cv_env_LDFLAGS_set=
ac_cv_env_LDFLAGS_value=
ac_cv_env_LIBS_set=
ac_cv_env_LIBS_value=
ac_cv_env_build_alias_set=
ac_cv_env_build_alias_value=
ac_cv_env_host_alias_set=
ac_cv_env_host_alias_value=
ac_cv_env_target_alias_set=
ac_cv_env_target_alias_value=
ac_cv_objext=o
ac_cv_prog_JAR=jar
ac_cv_prog_JAVA=java
ac_cv_prog_JAVAC=javac
ac_cv_prog_ac_ct_CC=gcc
ac_cv_prog_cc_c89=
ac_cv_prog_cc_g=yes

## ----------------- ##
## Output variables. ##
## ----------------- ##

ADB=':'
ANDROID_BUILD_TOOLS=''
ANDROID_SDK_TOOLS=''
CC='gcc'
CFLAGS='-g -O2'
CPPFLAGS=''
DEFS='-DPACKAGE_NAME=\"spade\" -DPACKAGE_TARNAME=\"spade\" -DPACKAGE_VERSION=\"2.0\" -DPACKAGE_STRING=\"spade\ 2.0\" -DPACKAGE_BUGREPORT=\"spade@csl.sri.com\" -DPACKAGE_URL=\"\"'
DUSER='spade'
DX=':'
ECHO_C=''
ECHO_N='-n'
ECHO_T=''
EXEEXT=''
JAR='jar'
JAVA='java'
JAVAC='javac'
LDFLAGS=''
LIBOBJS=''
LIBS=''
LTLIBOBJS=''
OBJEXT='o'
PACKAGE_BUGREPORT='spade@csl.sri.com'
PACKAGE_NAME='spade'
PACKAGE_STRING='spade 2.0'
PACKAGE_TARNAME='spade'
PACKAGE_URL=''
PACKAGE_VERSION='2.0'
PATH_SEPARATOR=':'
SHELL='/bin/bash'
ac_ct_CC='gcc'
bindir='${exec_prefix}/bin'
build_alias=''
datadir='${datarootdir}'
datarootdir='${prefix}/share'
docdir='${datarootdir}/doc/${PACKAGE_TARNAME}'
dvidir='${docdir}'
exec_prefix='${prefix}'
host_alias=''
htmldir='${docdir}'
includedir='${prefix}/include'
infodir='${datarootdir}/info'
libdir='${exec_prefix}/lib'
libexecdir='${exec_prefix}/libexec'
localedir='${datarootdir}/locale'
localstatedir='${prefix}/var'
mandir='${datarootdir}/man'
oldincludedir='/usr/include'
pdfdir='${docdir}'
prefix='/usr/local'
program_transform_name='s,x,x,'
psdir='${docdir}'
sbindir='${exec_prefix}/sbin'
sharedstatedir='${prefix}/com'
sysconfdir='${prefix}/etc'
target_alias=''

## ----------- ##
## confdefs.h. ##
## ----------- ##

/* confdefs.h */
#define PACKAGE_NAME "spade"
#define PACKAGE_TARNAME "spade"
#define PACKAGE_VERSION "2.0"
#define PACKAGE_STRING "spade 2.0"
#define PACKAGE_BUGREPORT "spade@csl.sri.com"
#define PACKAGE_URL ""

configure: exit 0
